# JRE version: OpenJDK Runtime Environment (8.0_242-b01) (build 1.8.0_242-release-1644-b01)
# Java VM: OpenJDK 64-Bit Server VM (25.242-b01 mixed mode windows-amd64 compressed oops)
Heap:
 PSYoungGen      total 351744K, used 145424K [0x00000000d5580000, 0x00000000f1500000, 0x0000000100000000)
  eden space 330240K, 37% used [0x00000000d5580000,0x00000000dce85038,0x00000000e9800000)
  from space 21504K, 99% used [0x00000000e9800000,0x00000000eacff110,0x00000000ead00000)
  to   space 26624K, 0% used [0x00000000efb00000,0x00000000efb00000,0x00000000f1500000)
 ParOldGen       total 100864K, used 62939K [0x0000000080000000, 0x0000000086280000, 0x00000000d5580000)
  object space 100864K, 62% used [0x0000000080000000,0x0000000083d76d18,0x0000000086280000)
 Metaspace       used 93017K, capacity 98100K, committed 98200K, reserved 1134592K
  class space    used 12307K, capacity 13212K, committed 13232K, reserved 1048576K
GC Heap History (10 events):
Event: 9.359 GC heap before
{Heap before GC invocations=14 (full 3):
 PSYoungGen      total 206848K, used 13309K [0x00000000d5580000, 0x00000000e7f80000, 0x0000000100000000)
  eden space 193536K, 0% used [0x00000000d5580000,0x00000000d5580000,0x00000000e1280000)
  from space 13312K, 99% used [0x00000000e1280000,0x00000000e1f7f4d0,0x00000000e1f80000)
  to   space 20480K, 0% used [0x00000000e6b80000,0x00000000e6b80000,0x00000000e7f80000)
 ParOldGen       total 64000K, used 31526K [0x0000000080000000, 0x0000000083e80000, 0x00000000d5580000)
  object space 64000K, 49% used [0x0000000080000000,0x0000000081ec9b30,0x0000000083e80000)
 Metaspace       used 56773K, capacity 59108K, committed 59160K, reserved 1099776K
  class space    used 7764K, capacity 8233K, committed 8240K, reserved 1048576K
Event: 9.599 GC heap after
Heap after GC invocations=14 (full 3):
 PSYoungGen      total 206848K, used 0K [0x00000000d5580000, 0x00000000e7f80000, 0x0000000100000000)
  eden space 193536K, 0% used [0x00000000d5580000,0x00000000d5580000,0x00000000e1280000)
  from space 13312K, 0% used [0x00000000e1280000,0x00000000e1280000,0x00000000e1f80000)
  to   space 20480K, 0% used [0x00000000e6b80000,0x00000000e6b80000,0x00000000e7f80000)
 ParOldGen       total 100864K, used 39335K [0x0000000080000000, 0x0000000086280000, 0x00000000d5580000)
  object space 100864K, 38% used [0x0000000080000000,0x0000000082669d10,0x0000000086280000)
 Metaspace       used 56760K, capacity 59066K, committed 59160K, reserved 1099776K
  class space    used 7760K, capacity 8226K, committed 8240K, reserved 1048576K
}
Event: 12.297 GC heap before
{Heap before GC invocations=15 (full 3):
 PSYoungGen      total 206848K, used 193536K [0x00000000d5580000, 0x00000000e7f80000, 0x0000000100000000)
  eden space 193536K, 100% used [0x00000000d5580000,0x00000000e1280000,0x00000000e1280000)
  from space 13312K, 0% used [0x00000000e1280000,0x00000000e1280000,0x00000000e1f80000)
  to   space 20480K, 0% used [0x00000000e6b80000,0x00000000e6b80000,0x00000000e7f80000)
 ParOldGen       total 100864K, used 39335K [0x0000000080000000, 0x0000000086280000, 0x00000000d5580000)
  object space 100864K, 38% used [0x0000000080000000,0x0000000082669d10,0x0000000086280000)
 Metaspace       used 64567K, capacity 67410K, committed 67608K, reserved 1107968K
  class space    used 8887K, capacity 9476K, committed 9520K, reserved 1048576K
Event: 12.318 GC heap after
Heap after GC invocations=15 (full 3):
 PSYoungGen      total 280576K, used 16724K [0x00000000d5580000, 0x00000000e7f00000, 0x0000000100000000)
  eden space 260608K, 0% used [0x00000000d5580000,0x00000000d5580000,0x00000000e5400000)
  from space 19968K, 83% used [0x00000000e6b80000,0x00000000e7bd53f8,0x00000000e7f00000)
  to   space 22016K, 0% used [0x00000000e5400000,0x00000000e5400000,0x00000000e6980000)
 ParOldGen       total 100864K, used 39343K [0x0000000080000000, 0x0000000086280000, 0x00000000d5580000)
  object space 100864K, 39% used [0x0000000080000000,0x000000008266bd10,0x0000000086280000)
 Metaspace       used 64567K, capacity 67410K, committed 67608K, reserved 1107968K
  class space    used 8887K, capacity 9476K, committed 9520K, reserved 1048576K
}
Event: 1111.769 GC heap before
{Heap before GC invocations=16 (full 3):
 PSYoungGen      total 280576K, used 277332K [0x00000000d5580000, 0x00000000e7f00000, 0x0000000100000000)
  eden space 260608K, 100% used [0x00000000d5580000,0x00000000e5400000,0x00000000e5400000)
  from space 19968K, 83% used [0x00000000e6b80000,0x00000000e7bd53f8,0x00000000e7f00000)
  to   space 22016K, 0% used [0x00000000e5400000,0x00000000e5400000,0x00000000e6980000)
 ParOldGen       total 100864K, used 39343K [0x0000000080000000, 0x0000000086280000, 0x00000000d5580000)
  object space 100864K, 39% used [0x0000000080000000,0x000000008266bd10,0x0000000086280000)
 Metaspace       used 73110K, capacity 76404K, committed 76696K, reserved 1116160K
  class space    used 9738K, capacity 10363K, committed 10416K, reserved 1048576K
Event: 1111.869 GC heap after
Heap after GC invocations=16 (full 3):
 PSYoungGen      total 282624K, used 14402K [0x00000000d5580000, 0x00000000ecd00000, 0x0000000100000000)
  eden space 260608K, 0% used [0x00000000d5580000,0x00000000d5580000,0x00000000e5400000)
  from space 22016K, 65% used [0x00000000e5400000,0x00000000e62108c8,0x00000000e6980000)
  to   space 22528K, 0% used [0x00000000eb700000,0x00000000eb700000,0x00000000ecd00000)
 ParOldGen       total 100864K, used 49655K [0x0000000080000000, 0x0000000086280000, 0x00000000d5580000)
  object space 100864K, 49% used [0x0000000080000000,0x000000008307dcf8,0x0000000086280000)
 Metaspace       used 73110K, capacity 76404K, committed 76696K, reserved 1116160K
  class space    used 9738K, capacity 10363K, committed 10416K, reserved 1048576K
}
Event: 1116.350 GC heap before
{Heap before GC invocations=17 (full 3):
 PSYoungGen      total 282624K, used 275010K [0x00000000d5580000, 0x00000000ecd00000, 0x0000000100000000)
  eden space 260608K, 100% used [0x00000000d5580000,0x00000000e5400000,0x00000000e5400000)
  from space 22016K, 65% used [0x00000000e5400000,0x00000000e62108c8,0x00000000e6980000)
  to   space 22528K, 0% used [0x00000000eb700000,0x00000000eb700000,0x00000000ecd00000)
 ParOldGen       total 100864K, used 49655K [0x0000000080000000, 0x0000000086280000, 0x00000000d5580000)
  object space 100864K, 49% used [0x0000000080000000,0x000000008307dcf8,0x0000000086280000)
 Metaspace       used 75925K, capacity 79348K, committed 79512K, reserved 1118208K
  class space    used 10012K, capacity 10665K, committed 10672K, reserved 1048576K
Event: 1116.374 GC heap after
Heap after GC invocations=17 (full 3):
 PSYoungGen      total 341504K, used 11223K [0x00000000d5580000, 0x00000000ec200000, 0x0000000100000000)
  eden space 330240K, 0% used [0x00000000d5580000,0x00000000d5580000,0x00000000e9800000)
  from space 11264K, 99% used [0x00000000eb700000,0x00000000ec1f5c68,0x00000000ec200000)
  to   space 21504K, 0% used [0x00000000e9800000,0x00000000e9800000,0x00000000ead00000)
 ParOldGen       total 100864K, used 57340K [0x0000000080000000, 0x0000000086280000, 0x00000000d5580000)
  object space 100864K, 56% used [0x0000000080000000,0x00000000837ff040,0x0000000086280000)
 Metaspace       used 75925K, capacity 79348K, committed 79512K, reserved 1118208K
  class space    used 10012K, capacity 10665K, committed 10672K, reserved 1048576K
}
Event: 1169.197 GC heap before
{Heap before GC invocations=18 (full 3):
 PSYoungGen      total 341504K, used 341463K [0x00000000d5580000, 0x00000000ec200000, 0x0000000100000000)
  eden space 330240K, 100% used [0x00000000d5580000,0x00000000e9800000,0x00000000e9800000)
  from space 11264K, 99% used [0x00000000eb700000,0x00000000ec1f5c68,0x00000000ec200000)
  to   space 21504K, 0% used [0x00000000e9800000,0x00000000e9800000,0x00000000ead00000)
 ParOldGen       total 100864K, used 57340K [0x0000000080000000, 0x0000000086280000, 0x00000000d5580000)
  object space 100864K, 56% used [0x0000000080000000,0x00000000837ff040,0x0000000086280000)
 Metaspace       used 92605K, capacity 97608K, committed 97688K, reserved 1134592K
  class space    used 12278K, capacity 13188K, committed 13232K, reserved 1048576K
Event: 1169.248 GC heap after
Heap after GC invocations=18 (full 3):
 PSYoungGen      total 351744K, used 21500K [0x00000000d5580000, 0x00000000f1500000, 0x0000000100000000)
  eden space 330240K, 0% used [0x00000000d5580000,0x00000000d5580000,0x00000000e9800000)
  from space 21504K, 99% used [0x00000000e9800000,0x00000000eacff110,0x00000000ead00000)
  to   space 26624K, 0% used [0x00000000efb00000,0x00000000efb00000,0x00000000f1500000)
 ParOldGen       total 100864K, used 62939K [0x0000000080000000, 0x0000000086280000, 0x00000000d5580000)
  object space 100864K, 62% used [0x0000000080000000,0x0000000083d76d18,0x0000000086280000)
 Metaspace       used 92605K, capacity 97608K, committed 97688K, reserved 1134592K
  class space    used 12278K, capacity 13188K, committed 13232K, reserved 1048576K
}

