# JRE version: OpenJDK Runtime Environment (8.0_242-b01) (build 1.8.0_242-release-1644-b01)
# Java VM: OpenJDK 64-Bit Server VM (25.242-b01 mixed mode windows-amd64 compressed oops)
Heap:
 PSYoungGen      total 293376K, used 243339K [0x00000000d5580000, 0x00000000ea600000, 0x0000000100000000)
  eden space 259584K, 86% used [0x00000000d5580000,0x00000000e314c1e8,0x00000000e5300000)
  from space 33792K, 54% used [0x00000000e8500000,0x00000000e96d6cd0,0x00000000ea600000)
  to   space 42496K, 0% used [0x00000000e5300000,0x00000000e5300000,0x00000000e7c80000)
 ParOldGen       total 267776K, used 113238K [0x0000000080000000, 0x0000000090580000, 0x00000000d5580000)
  object space 267776K, 42% used [0x0000000080000000,0x0000000086e958a8,0x0000000090580000)
 Metaspace       used 94939K, capacity 99642K, committed 99864K, reserved 1136640K
  class space    used 12417K, capacity 13263K, committed 13360K, reserved 1048576K
GC Heap History (10 events):
Event: 22.936 GC heap before
{Heap before GC invocations=18 (full 3):
 PSYoungGen      total 228864K, used 226340K [0x00000000d5580000, 0x00000000e4f80000, 0x0000000100000000)
  eden space 214016K, 100% used [0x00000000d5580000,0x00000000e2680000,0x00000000e2680000)
  from space 14848K, 83% used [0x00000000e4100000,0x00000000e4d092d8,0x00000000e4f80000)
  to   space 20992K, 0% used [0x00000000e2680000,0x00000000e2680000,0x00000000e3b00000)
 ParOldGen       total 132608K, used 55194K [0x0000000080000000, 0x0000000088180000, 0x00000000d5580000)
  object space 132608K, 41% used [0x0000000080000000,0x00000000835e68c8,0x0000000088180000)
 Metaspace       used 78922K, capacity 82304K, committed 82456K, reserved 1120256K
  class space    used 10582K, capacity 11196K, committed 11312K, reserved 1048576K
Event: 22.972 GC heap after
Heap after GC invocations=18 (full 3):
 PSYoungGen      total 235008K, used 20971K [0x00000000d5580000, 0x00000000e7d80000, 0x0000000100000000)
  eden space 214016K, 0% used [0x00000000d5580000,0x00000000d5580000,0x00000000e2680000)
  from space 20992K, 99% used [0x00000000e2680000,0x00000000e3afada0,0x00000000e3b00000)
  to   space 24064K, 0% used [0x00000000e6600000,0x00000000e6600000,0x00000000e7d80000)
 ParOldGen       total 132608K, used 55562K [0x0000000080000000, 0x0000000088180000, 0x00000000d5580000)
  object space 132608K, 41% used [0x0000000080000000,0x0000000083642ad8,0x0000000088180000)
 Metaspace       used 78922K, capacity 82304K, committed 82456K, reserved 1120256K
  class space    used 10582K, capacity 11196K, committed 11312K, reserved 1048576K
}
Event: 25.377 GC heap before
{Heap before GC invocations=19 (full 3):
 PSYoungGen      total 235008K, used 234987K [0x00000000d5580000, 0x00000000e7d80000, 0x0000000100000000)
  eden space 214016K, 100% used [0x00000000d5580000,0x00000000e2680000,0x00000000e2680000)
  from space 20992K, 99% used [0x00000000e2680000,0x00000000e3afada0,0x00000000e3b00000)
  to   space 24064K, 0% used [0x00000000e6600000,0x00000000e6600000,0x00000000e7d80000)
 ParOldGen       total 132608K, used 55562K [0x0000000080000000, 0x0000000088180000, 0x00000000d5580000)
  object space 132608K, 41% used [0x0000000080000000,0x0000000083642ad8,0x0000000088180000)
 Metaspace       used 88364K, capacity 92876K, committed 92952K, reserved 1130496K
  class space    used 11999K, capacity 12840K, committed 12848K, reserved 1048576K
Event: 25.474 GC heap after
Heap after GC invocations=19 (full 3):
 PSYoungGen      total 256000K, used 24057K [0x00000000d5580000, 0x00000000eb480000, 0x0000000100000000)
  eden space 231936K, 0% used [0x00000000d5580000,0x00000000d5580000,0x00000000e3800000)
  from space 24064K, 99% used [0x00000000e6600000,0x00000000e7d7e5d0,0x00000000e7d80000)
  to   space 47104K, 0% used [0x00000000e3800000,0x00000000e3800000,0x00000000e6600000)
 ParOldGen       total 132608K, used 109137K [0x0000000080000000, 0x0000000088180000, 0x00000000d5580000)
  object space 132608K, 82% used [0x0000000080000000,0x0000000086a947b8,0x0000000088180000)
 Metaspace       used 88364K, capacity 92876K, committed 92952K, reserved 1130496K
  class space    used 11999K, capacity 12840K, committed 12848K, reserved 1048576K
}
Event: 25.474 GC heap before
{Heap before GC invocations=20 (full 4):
 PSYoungGen      total 256000K, used 24057K [0x00000000d5580000, 0x00000000eb480000, 0x0000000100000000)
  eden space 231936K, 0% used [0x00000000d5580000,0x00000000d5580000,0x00000000e3800000)
  from space 24064K, 99% used [0x00000000e6600000,0x00000000e7d7e5d0,0x00000000e7d80000)
  to   space 47104K, 0% used [0x00000000e3800000,0x00000000e3800000,0x00000000e6600000)
 ParOldGen       total 132608K, used 109137K [0x0000000080000000, 0x0000000088180000, 0x00000000d5580000)
  object space 132608K, 82% used [0x0000000080000000,0x0000000086a947b8,0x0000000088180000)
 Metaspace       used 88364K, capacity 92876K, committed 92952K, reserved 1130496K
  class space    used 11999K, capacity 12840K, committed 12848K, reserved 1048576K
Event: 25.946 GC heap after
Heap after GC invocations=20 (full 4):
 PSYoungGen      total 256000K, used 0K [0x00000000d5580000, 0x00000000eb480000, 0x0000000100000000)
  eden space 231936K, 0% used [0x00000000d5580000,0x00000000d5580000,0x00000000e3800000)
  from space 24064K, 0% used [0x00000000e6600000,0x00000000e6600000,0x00000000e7d80000)
  to   space 47104K, 0% used [0x00000000e3800000,0x00000000e3800000,0x00000000e6600000)
 ParOldGen       total 267776K, used 113222K [0x0000000080000000, 0x0000000090580000, 0x00000000d5580000)
  object space 267776K, 42% used [0x0000000080000000,0x0000000086e918a8,0x0000000090580000)
 Metaspace       used 88103K, capacity 92216K, committed 92952K, reserved 1130496K
  class space    used 11908K, capacity 12678K, committed 12848K, reserved 1048576K
}
Event: 29.410 GC heap before
{Heap before GC invocations=21 (full 4):
 PSYoungGen      total 256000K, used 231010K [0x00000000d5580000, 0x00000000eb480000, 0x0000000100000000)
  eden space 231936K, 99% used [0x00000000d5580000,0x00000000e3718a18,0x00000000e3800000)
  from space 24064K, 0% used [0x00000000e6600000,0x00000000e6600000,0x00000000e7d80000)
  to   space 47104K, 0% used [0x00000000e3800000,0x00000000e3800000,0x00000000e6600000)
 ParOldGen       total 267776K, used 113222K [0x0000000080000000, 0x0000000090580000, 0x00000000d5580000)
  object space 267776K, 42% used [0x0000000080000000,0x0000000086e918a8,0x0000000090580000)
 Metaspace       used 89881K, capacity 94126K, committed 94616K, reserved 1130496K
  class space    used 12068K, capacity 12877K, committed 12976K, reserved 1048576K
Event: 29.438 GC heap after
Heap after GC invocations=21 (full 4):
 PSYoungGen      total 279040K, used 15423K [0x00000000d5580000, 0x00000000eb100000, 0x0000000100000000)
  eden space 231936K, 0% used [0x00000000d5580000,0x00000000d5580000,0x00000000e3800000)
  from space 47104K, 32% used [0x00000000e3800000,0x00000000e470fc70,0x00000000e6600000)
  to   space 45056K, 0% used [0x00000000e8500000,0x00000000e8500000,0x00000000eb100000)
 ParOldGen       total 267776K, used 113230K [0x0000000080000000, 0x0000000090580000, 0x00000000d5580000)
  object space 267776K, 42% used [0x0000000080000000,0x0000000086e938a8,0x0000000090580000)
 Metaspace       used 89881K, capacity 94126K, committed 94616K, reserved 1130496K
  class space    used 12068K, capacity 12877K, committed 12976K, reserved 1048576K
}
Event: 303.062 GC heap before
{Heap before GC invocations=22 (full 4):
 PSYoungGen      total 279040K, used 247359K [0x00000000d5580000, 0x00000000eb100000, 0x0000000100000000)
  eden space 231936K, 100% used [0x00000000d5580000,0x00000000e3800000,0x00000000e3800000)
  from space 47104K, 32% used [0x00000000e3800000,0x00000000e470fc70,0x00000000e6600000)
  to   space 45056K, 0% used [0x00000000e8500000,0x00000000e8500000,0x00000000eb100000)
 ParOldGen       total 267776K, used 113230K [0x0000000080000000, 0x0000000090580000, 0x00000000d5580000)
  object space 267776K, 42% used [0x0000000080000000,0x0000000086e938a8,0x0000000090580000)
 Metaspace       used 93960K, capacity 98392K, committed 98712K, reserved 1134592K
  class space    used 12347K, capacity 13178K, committed 13232K, reserved 1048576K
Event: 303.149 GC heap after
Heap after GC invocations=22 (full 4):
 PSYoungGen      total 293376K, used 18267K [0x00000000d5580000, 0x00000000ea600000, 0x0000000100000000)
  eden space 259584K, 0% used [0x00000000d5580000,0x00000000d5580000,0x00000000e5300000)
  from space 33792K, 54% used [0x00000000e8500000,0x00000000e96d6cd0,0x00000000ea600000)
  to   space 42496K, 0% used [0x00000000e5300000,0x00000000e5300000,0x00000000e7c80000)
 ParOldGen       total 267776K, used 113238K [0x0000000080000000, 0x0000000090580000, 0x00000000d5580000)
  object space 267776K, 42% used [0x0000000080000000,0x0000000086e958a8,0x0000000090580000)
 Metaspace       used 93960K, capacity 98392K, committed 98712K, reserved 1134592K
  class space    used 12347K, capacity 13178K, committed 13232K, reserved 1048576K
}

